<?xml version="1.0" encoding="UTF-8"?>
<!-- Generated by org.testng.reporters.JUnitReportReporter -->
<testsuite hostname="suharika" failures="0" tests="1" name="TestRunner.TestNG_Runner" time="25.294" errors="0" timestamp="2024-03-14T06:54:25 IST" skipped="0">
  <testcase classname="TestRunner.TestNG_Runner" name="runScenario" time="25.294"/>
</testsuite> <!-- TestRunner.TestNG_Runner -->
